<?xml version="1.0" encoding="UTF-8"?>
<!-- Generated by org.testng.reporters.JUnitReportReporter -->
<testsuite skipped="0" hostname="saswati-ltm.internal.salesforce.com" name="tests.HomeTest" tests="1" failures="0" timestamp="2022-03-19T09:40:05 IST" time="0.001" errors="0">
  <testcase name="test1" time="0.001" classname="tests.HomeTest"/>
  <system-out/>
</testsuite> <!-- tests.HomeTest -->
